<?xml version="1.0" encoding="UTF-8"?>
<!-- Generated by org.testng.reporters.JUnitReportReporter -->
<testsuite hostname="DESKTOP-5L2K03F" failures="0" tests="2" name="com.dee.test1.TestAnnotation1" time="0.044" errors="0" timestamp="2023-08-30T12:17:37 BST" skipped="0">
  <testcase classname="com.dee.test1.TestAnnotation1" name="testMethod1" time="0.025"/>
  <testcase classname="com.dee.test1.TestAnnotation1" name="testMethod2" time="0.019"/>
</testsuite> <!-- com.dee.test1.TestAnnotation1 -->
