<?xml version="1.0" encoding="UTF-8"?>
<!-- Generated by org.testng.reporters.JUnitReportReporter -->
<testsuite hostname="DESKTOP-5L2K03F" failures="0" tests="5" name="com.dee.test1.TestNGjava2" time="0.050" errors="0" timestamp="2023-09-11T11:48:25 BST" skipped="0">
  <testcase classname="com.dee.test1.TestNGjava2" name="TestMethod4" time="0.021"/>
  <testcase classname="com.dee.test1.TestNGjava2" name="TestMethod0" time="0.005"/>
  <testcase classname="com.dee.test1.TestNGjava2" name="TestMethod2" time="0.011"/>
  <testcase classname="com.dee.test1.TestNGjava2" name="TestMethod3" time="0.007"/>
  <testcase classname="com.dee.test1.TestNGjava2" name="TestMethod1" time="0.006"/>
</testsuite> <!-- com.dee.test1.TestNGjava2 -->
