<?xml version="1.0" encoding="UTF-8"?>
<!-- Generated by org.testng.reporters.JUnitReportReporter -->
<testsuite hostname="DESKTOP-5L2K03F" failures="0" tests="2" name="com.dee.test1.FirstClass" time="34.010" errors="0" timestamp="2023-08-01T23:21:24 BST" skipped="0">
  <testcase classname="com.dee.test1.FirstClass" name="TestGoogle" time="14.041"/>
  <testcase classname="com.dee.test1.FirstClass" name="TestFacebook" time="19.969"/>
</testsuite> <!-- com.dee.test1.FirstClass -->
